<?xml version="1.0" encoding="UTF-8"?>
<!-- Generated by org.testng.reporters.JUnitReportReporter -->
<testsuite hostname="DESKTOP-QA9AF7C" failures="0" tests="2" name="Academy.HomePage" time="41.932" errors="0" timestamp="25 May 2019 07:29:51 GMT" skipped="0">
  <testcase classname="Academy.HomePage" name="basePageNavigation" time="20.134"/>
  <testcase classname="Academy.HomePage" name="basePageNavigation" time="21.798"/>
</testsuite> <!-- Academy.HomePage -->
