<?xml version="1.0" encoding="UTF-8"?>
<!-- Generated by org.testng.reporters.JUnitReportReporter -->
<testsuite hostname="DESKTOP-QA9AF7C" failures="0" tests="1" name="Academy.NavigationBar" time="11.270" errors="0" timestamp="25 May 2019 07:30:49 GMT" skipped="0">
  <testcase classname="Academy.NavigationBar" name="basePageNavigation" time="11.270"/>
</testsuite> <!-- Academy.NavigationBar -->
