<?xml version="1.0" encoding="UTF-8"?>
<!-- Generated by org.testng.reporters.JUnitReportReporter -->
<testsuite hostname="DESKTOP-QA9AF7C" failures="0" tests="2" name="Academy.HomePage" time="44.304" errors="0" timestamp="25 May 2019 07:36:06 GMT" skipped="0">
  <testcase classname="Academy.HomePage" name="basePageNavigation" time="23.082"/>
  <testcase classname="Academy.HomePage" name="basePageNavigation" time="21.222"/>
</testsuite> <!-- Academy.HomePage -->
